2015-04-20 08:37:01 INFO  TestScenarios:45 - Reading Input XL file...
2015-04-20 08:37:01 INFO  TestScenarios:46 - Reading SheetTest_Scenarios
2015-04-20 08:37:03 INFO  TestScenarios:99 - Reading XL for required release column and Test Scenarios...
2015-04-20 08:37:03 INFO  TestScenarios:134 - Excel Read Complete...
2015-04-20 08:37:03 INFO  ReadXL:47 - Call to Read XL file for scenarios complete...
2015-04-20 08:37:03 INFO  ReadXL:52 - Call to Read XL file for Test cases...
2015-04-20 08:37:03 INFO  TestCases:32 - Filter Scenarios with Y option selected...
2015-04-20 08:37:03 INFO  TestCases:155 - Filter Scenarios with Y option selected complete...
2015-04-20 08:37:03 INFO  TestCases:35 - Reading XL Complete for Test Case...
2015-04-20 08:37:03 INFO  TestCases:96 - Reading XL Complete for Test Case complete...
2015-04-20 08:37:03 INFO  ReadXL:55 - Call Reading XL file for Test cases complete...
2015-04-20 08:37:03 INFO  RunSuite:94 - Got all executable Step IDs...
2015-04-20 08:37:03 INFO  TestSteps:35 - Reading XL for Test Case Steps for selected ID...
2015-04-20 08:37:03 INFO  TestSteps:153 - Reading XL for Test Case Steps for selected ID complete...
2015-04-20 08:37:03 INFO  RunSuite:106 - Executing Test Step S1TC1
2015-04-20 08:37:13 INFO  ActionParser:286 - Test Case S1TC1 Pass
2015-04-20 08:37:13 INFO  TestSteps:35 - Reading XL for Test Case Steps for selected ID...
2015-04-20 08:37:13 INFO  TestSteps:153 - Reading XL for Test Case Steps for selected ID complete...
2015-04-20 08:37:13 INFO  RunSuite:106 - Executing Test Step S1TC2
2015-04-20 08:37:13 INFO  ActionParser:286 - Test Case S1TC2 Fail
2015-04-20 08:37:25 INFO  TestSteps:35 - Reading XL for Test Case Steps for selected ID...
2015-04-20 08:37:25 INFO  TestSteps:153 - Reading XL for Test Case Steps for selected ID complete...
2015-04-20 08:37:25 INFO  RunSuite:106 - Executing Test Step S1TC3
2015-04-20 08:37:27 INFO  ActionParser:312 - Test Case S1TC3 Pass
2015-04-20 08:39:34 INFO  ReadTestEnvConfiguration:24 - Reading Configuration file...
2015-04-20 08:39:34 INFO  ReadTestEnvConfiguration:56 - Reading Input file path...
2015-04-20 08:40:58 INFO  ReadTestEnvConfiguration:24 - Reading Configuration file...
